d:\code\tcdnotes\cg\project\assignment\assignment\debug\vc143.pdb
d:\code\tcdnotes\cg\project\assignment\assignment\debug\vc143.idb
d:\code\tcdnotes\cg\project\assignment\assignment\debug\maths_funcs.obj
d:\code\tcdnotes\cg\project\assignment\assignment\debug\main.obj
d:\code\tcdnotes\cg\project\assignment\debug\assignment.exe
d:\code\tcdnotes\cg\project\assignment\debug\assignment.pdb
d:\code\tcdnotes\cg\project\assignment\assignment\debug\assignment.ilk
d:\code\seavolcano\assignment\debug\main.obj
d:\code\seavolcano\assignment\debug\maths_funcs.obj
d:\code\seavolcano\assignment\debug\assignment.ilk
d:\code\seavolcano\assignment\debug\vc143.idb
d:\code\seavolcano\assignment\debug\vc143.pdb
d:\code\seavolcano\debug\assignment.pdb
d:\code\seavolcano\debug\assignment.exe
d:\code\seavolcano\assignment\debug\assignment.tlog\cl.command.1.tlog
d:\code\seavolcano\assignment\debug\assignment.tlog\cl.items.tlog
d:\code\seavolcano\assignment\debug\assignment.tlog\cl.read.1.tlog
d:\code\seavolcano\assignment\debug\assignment.tlog\cl.write.1.tlog
d:\code\seavolcano\assignment\debug\assignment.tlog\link.command.1.tlog
d:\code\seavolcano\assignment\debug\assignment.tlog\link.read.1.tlog
d:\code\seavolcano\assignment\debug\assignment.tlog\link.secondary.1.tlog
d:\code\seavolcano\assignment\debug\assignment.tlog\link.write.1.tlog
